2025-05-26T16:48:09.530+03:00  INFO 8547 --- [Main-Platform] [main] c.t.m.MainPlatformApplication            : Starting MainPlatformApplication using Java 21.0.7 with PID 8547 (/home/ohnando/Projects/Toyota-Backend-Project/Main-Platform/target/classes started by ohnando in /home/ohnando/Projects/Toyota-Backend-Project/Main-Platform)
2025-05-26T16:48:09.531+03:00  INFO 8547 --- [Main-Platform] [main] c.t.m.MainPlatformApplication            : No active profile set, falling back to 1 default profile: "default"
2025-05-26T16:48:09.957+03:00  INFO 8547 --- [Main-Platform] [main] .s.d.r.c.RepositoryConfigurationDelegate : Bootstrapping Spring Data JPA repositories in DEFAULT mode.
2025-05-26T16:48:10.032+03:00  INFO 8547 --- [Main-Platform] [main] .s.d.r.c.RepositoryConfigurationDelegate : Finished Spring Data repository scanning in 70 ms. Found 1 JPA repository interface.
2025-05-26T16:48:10.312+03:00  INFO 8547 --- [Main-Platform] [main] o.s.b.w.embedded.tomcat.TomcatWebServer  : Tomcat initialized with port 8085 (http)
2025-05-26T16:48:10.319+03:00  INFO 8547 --- [Main-Platform] [main] o.apache.catalina.core.StandardService   : Starting service [Tomcat]
2025-05-26T16:48:10.319+03:00  INFO 8547 --- [Main-Platform] [main] o.apache.catalina.core.StandardEngine    : Starting Servlet engine: [Apache Tomcat/10.1.36]
2025-05-26T16:48:10.340+03:00  INFO 8547 --- [Main-Platform] [main] o.a.c.c.C.[Tomcat].[localhost].[/]       : Initializing Spring embedded WebApplicationContext
2025-05-26T16:48:10.340+03:00  INFO 8547 --- [Main-Platform] [main] w.s.c.ServletWebServerApplicationContext : Root WebApplicationContext: initialization completed in 692 ms
2025-05-26T16:48:10.406+03:00  WARN 8547 --- [Main-Platform] [main] c.h.i.impl.HazelcastInstanceFactory      : Hazelcast is starting in a Java modular environment (Java 9 and newer) but without proper access to required Java packages. Use additional Java arguments to provide Hazelcast access to Java internal API. The internal API access is used to get the best performance results. Arguments to be used:
 --add-modules java.se --add-exports java.base/jdk.internal.ref=ALL-UNNAMED --add-opens java.base/java.lang=ALL-UNNAMED --add-opens java.base/sun.nio.ch=ALL-UNNAMED --add-opens java.management/sun.management=ALL-UNNAMED --add-opens jdk.management/com.sun.management.internal=ALL-UNNAMED
2025-05-26T16:48:10.444+03:00  INFO 8547 --- [Main-Platform] [main] com.hazelcast.system.logo                : [172.18.0.1]:5701 [dev] [5.5.0] 
    o    o     o     o---o   o--o o      o---o     o     o----o o--o--o
    |    |    / \       /         |     /         / \    |         |
    o----o       o     o   o----o |    o             o   o----o    |
    |    |  *     \   /           |     \       *     \       |    |
    o    o *       o o---o   o--o o----o o---o *       o o----o    o

2025-05-26T16:48:10.445+03:00  INFO 8547 --- [Main-Platform] [main] com.hazelcast.system                     : [172.18.0.1]:5701 [dev] [5.5.0] Copyright (c) 2008-2024, Hazelcast, Inc. All Rights Reserved.
2025-05-26T16:48:10.445+03:00  INFO 8547 --- [Main-Platform] [main] com.hazelcast.system                     : [172.18.0.1]:5701 [dev] [5.5.0] Hazelcast Platform 5.5.0 (20240725) starting at [172.18.0.1]:5701
2025-05-26T16:48:10.445+03:00  INFO 8547 --- [Main-Platform] [main] com.hazelcast.system                     : [172.18.0.1]:5701 [dev] [5.5.0] Cluster name: dev
2025-05-26T16:48:10.445+03:00  INFO 8547 --- [Main-Platform] [main] com.hazelcast.system                     : [172.18.0.1]:5701 [dev] [5.5.0] Integrity Checker is disabled. Fail-fast on corrupted executables will not be performed. For more information, see the documentation for Integrity Checker.
2025-05-26T16:48:10.446+03:00  INFO 8547 --- [Main-Platform] [main] com.hazelcast.system                     : [172.18.0.1]:5701 [dev] [5.5.0] The Jet engine is disabled.
To enable the Jet engine on the members, do one of the following:
  - Change member config using Java API: config.getJetConfig().setEnabled(true)
  - Change XML/YAML configuration property: Set hazelcast.jet.enabled to true
  - Add system property: -Dhz.jet.enabled=true (for Hazelcast embedded, works only when loading config via Config.load)
  - Add environment variable: HZ_JET_ENABLED=true (recommended when running container image. For Hazelcast embedded, works only when loading config via Config.load)
2025-05-26T16:48:10.697+03:00  INFO 8547 --- [Main-Platform] [main] com.hazelcast.system.security            : [172.18.0.1]:5701 [dev] [5.5.0] Enable DEBUG/FINE log level for log category com.hazelcast.system.security  or use -Dhazelcast.security.recommendations system property to see 🔒 security recommendations and the status of current config.
2025-05-26T16:48:10.738+03:00  INFO 8547 --- [Main-Platform] [main] com.hazelcast.instance.impl.Node         : [172.18.0.1]:5701 [dev] [5.5.0] Using Multicast discovery
2025-05-26T16:48:10.811+03:00  INFO 8547 --- [Main-Platform] [main] c.h.internal.diagnostics.Diagnostics     : [172.18.0.1]:5701 [dev] [5.5.0] Diagnostics disabled. To enable add -Dhazelcast.diagnostics.enabled=true to the JVM arguments.
2025-05-26T16:48:10.815+03:00  INFO 8547 --- [Main-Platform] [main] com.hazelcast.core.LifecycleService      : [172.18.0.1]:5701 [dev] [5.5.0] [172.18.0.1]:5701 is STARTING
2025-05-26T16:48:13.162+03:00  INFO 8547 --- [Main-Platform] [main] c.h.internal.cluster.ClusterService      : [172.18.0.1]:5701 [dev] [5.5.0] 

Members {size:1, ver:1} [
	Member [172.18.0.1]:5701 - f08c1df4-5d07-47f8-b673-fb83a1e126ec this
]

2025-05-26T16:48:13.177+03:00  INFO 8547 --- [Main-Platform] [main] com.hazelcast.core.LifecycleService      : [172.18.0.1]:5701 [dev] [5.5.0] [172.18.0.1]:5701 is STARTED
2025-05-26T16:48:13.267+03:00  INFO 8547 --- [Main-Platform] [main] o.hibernate.jpa.internal.util.LogHelper  : HHH000204: Processing PersistenceUnitInfo [name: default]
2025-05-26T16:48:13.298+03:00  INFO 8547 --- [Main-Platform] [main] org.hibernate.Version                    : HHH000412: Hibernate ORM core version 6.6.8.Final
2025-05-26T16:48:13.317+03:00  INFO 8547 --- [Main-Platform] [main] o.h.c.internal.RegionFactoryInitiator    : HHH000026: Second-level cache disabled
2025-05-26T16:48:13.479+03:00  INFO 8547 --- [Main-Platform] [main] o.s.o.j.p.SpringPersistenceUnitInfo      : No LoadTimeWeaver setup: ignoring JPA class transformer
2025-05-26T16:48:13.494+03:00  INFO 8547 --- [Main-Platform] [main] com.zaxxer.hikari.HikariDataSource       : HikariPool-1 - Starting...
2025-05-26T16:48:13.584+03:00  INFO 8547 --- [Main-Platform] [main] com.zaxxer.hikari.pool.HikariPool        : HikariPool-1 - Added connection org.postgresql.jdbc.PgConnection@470ad01c
2025-05-26T16:48:13.585+03:00  INFO 8547 --- [Main-Platform] [main] com.zaxxer.hikari.HikariDataSource       : HikariPool-1 - Start completed.
2025-05-26T16:48:13.624+03:00  INFO 8547 --- [Main-Platform] [main] org.hibernate.orm.connections.pooling    : HHH10001005: Database info:
	Database JDBC URL [Connecting through datasource 'HikariDataSource (HikariPool-1)']
	Database driver: undefined/unknown
	Database version: 17.5
	Autocommit mode: undefined/unknown
	Isolation level: undefined/unknown
	Minimum pool size: undefined/unknown
	Maximum pool size: undefined/unknown
2025-05-26T16:48:14.037+03:00  INFO 8547 --- [Main-Platform] [main] o.h.e.t.j.p.i.JtaPlatformInitiator       : HHH000489: No JTA platform available (set 'hibernate.transaction.jta.platform' to enable JTA platform integration)
2025-05-26T16:48:14.073+03:00  WARN 8547 --- [Main-Platform] [main] o.h.engine.jdbc.spi.SqlExceptionHelper   : SQL Warning Code: 0, SQLState: 00000
2025-05-26T16:48:14.073+03:00  WARN 8547 --- [Main-Platform] [main] o.h.engine.jdbc.spi.SqlExceptionHelper   : constraint "ukrxqmhqck24pjqcwfmj5nn5kkr" of relation "rate" does not exist, skipping
2025-05-26T16:48:14.078+03:00  INFO 8547 --- [Main-Platform] [main] j.LocalContainerEntityManagerFactoryBean : Initialized JPA EntityManagerFactory for persistence unit 'default'
2025-05-26T16:48:14.268+03:00  WARN 8547 --- [Main-Platform] [main] JpaBaseConfiguration$JpaWebConfiguration : spring.jpa.open-in-view is enabled by default. Therefore, database queries may be performed during view rendering. Explicitly configure spring.jpa.open-in-view to disable this warning
2025-05-26T16:48:14.413+03:00  WARN 8547 --- [Main-Platform] [main] .b.a.g.t.GroovyTemplateAutoConfiguration : Cannot find template location: classpath:/templates/ (please add some templates, check your Groovy configuration, or set spring.groovy.template.check-template-location=false)
2025-05-26T16:48:14.617+03:00  INFO 8547 --- [Main-Platform] [main] o.s.b.w.embedded.tomcat.TomcatWebServer  : Tomcat started on port 8085 (http) with context path '/'
2025-05-26T16:48:14.622+03:00  INFO 8547 --- [Main-Platform] [main] c.t.m.MainPlatformApplication            : Started MainPlatformApplication in 5.399 seconds (process running for 5.878)
2025-05-26T16:48:14.624+03:00  INFO 8547 --- [Main-Platform] [main] CoordinatorLogger                        : Initializing coordinator
2025-05-26T16:48:14.643+03:00  INFO 8547 --- [Main-Platform] [main] o.a.k.clients.consumer.ConsumerConfig    : ConsumerConfig values: 
	allow.auto.create.topics = true
	auto.commit.interval.ms = 5000
	auto.include.jmx.reporter = true
	auto.offset.reset = earliest
	bootstrap.servers = [localhost:9092]
	check.crcs = true
	client.dns.lookup = use_all_dns_ips
	client.id = consumer-kafka-java-getting-started-1
	client.rack = 
	connections.max.idle.ms = 540000
	default.api.timeout.ms = 60000
	enable.auto.commit = true
	enable.metrics.push = true
	exclude.internal.topics = true
	fetch.max.bytes = 52428800
	fetch.max.wait.ms = 500
	fetch.min.bytes = 1
	group.id = kafka-java-getting-started
	group.instance.id = null
	group.protocol = classic
	group.remote.assignor = null
	heartbeat.interval.ms = 3000
	interceptor.classes = []
	internal.leave.group.on.close = true
	internal.throw.on.fetch.stable.offset.unsupported = false
	isolation.level = read_uncommitted
	key.deserializer = class org.apache.kafka.common.serialization.StringDeserializer
	max.partition.fetch.bytes = 1048576
	max.poll.interval.ms = 300000
	max.poll.records = 500
	metadata.max.age.ms = 300000
	metadata.recovery.strategy = none
	metric.reporters = []
	metrics.num.samples = 2
	metrics.recording.level = INFO
	metrics.sample.window.ms = 30000
	partition.assignment.strategy = [class org.apache.kafka.clients.consumer.RangeAssignor, class org.apache.kafka.clients.consumer.CooperativeStickyAssignor]
	receive.buffer.bytes = 65536
	reconnect.backoff.max.ms = 1000
	reconnect.backoff.ms = 50
	request.timeout.ms = 30000
	retry.backoff.max.ms = 1000
	retry.backoff.ms = 100
	sasl.client.callback.handler.class = null
	sasl.jaas.config = null
	sasl.kerberos.kinit.cmd = /usr/bin/kinit
	sasl.kerberos.min.time.before.relogin = 60000
	sasl.kerberos.service.name = null
	sasl.kerberos.ticket.renew.jitter = 0.05
	sasl.kerberos.ticket.renew.window.factor = 0.8
	sasl.login.callback.handler.class = null
	sasl.login.class = null
	sasl.login.connect.timeout.ms = null
	sasl.login.read.timeout.ms = null
	sasl.login.refresh.buffer.seconds = 300
	sasl.login.refresh.min.period.seconds = 60
	sasl.login.refresh.window.factor = 0.8
	sasl.login.refresh.window.jitter = 0.05
	sasl.login.retry.backoff.max.ms = 10000
	sasl.login.retry.backoff.ms = 100
	sasl.mechanism = GSSAPI
	sasl.oauthbearer.clock.skew.seconds = 30
	sasl.oauthbearer.expected.audience = null
	sasl.oauthbearer.expected.issuer = null
	sasl.oauthbearer.jwks.endpoint.refresh.ms = 3600000
	sasl.oauthbearer.jwks.endpoint.retry.backoff.max.ms = 10000
	sasl.oauthbearer.jwks.endpoint.retry.backoff.ms = 100
	sasl.oauthbearer.jwks.endpoint.url = null
	sasl.oauthbearer.scope.claim.name = scope
	sasl.oauthbearer.sub.claim.name = sub
	sasl.oauthbearer.token.endpoint.url = null
	security.protocol = PLAINTEXT
	security.providers = null
	send.buffer.bytes = 131072
	session.timeout.ms = 45000
	socket.connection.setup.timeout.max.ms = 30000
	socket.connection.setup.timeout.ms = 10000
	ssl.cipher.suites = null
	ssl.enabled.protocols = [TLSv1.2, TLSv1.3]
	ssl.endpoint.identification.algorithm = https
	ssl.engine.factory.class = null
	ssl.key.password = null
	ssl.keymanager.algorithm = SunX509
	ssl.keystore.certificate.chain = null
	ssl.keystore.key = null
	ssl.keystore.location = null
	ssl.keystore.password = null
	ssl.keystore.type = JKS
	ssl.protocol = TLSv1.3
	ssl.provider = null
	ssl.secure.random.implementation = null
	ssl.trustmanager.algorithm = PKIX
	ssl.truststore.certificates = null
	ssl.truststore.location = null
	ssl.truststore.password = null
	ssl.truststore.type = JKS
	value.deserializer = class org.apache.kafka.common.serialization.StringDeserializer

2025-05-26T16:48:14.677+03:00  INFO 8547 --- [Main-Platform] [main] o.a.k.c.t.i.KafkaMetricsCollector        : initializing Kafka metrics collector
2025-05-26T16:48:14.722+03:00  INFO 8547 --- [Main-Platform] [main] o.a.kafka.common.utils.AppInfoParser     : Kafka version: 3.8.1
2025-05-26T16:48:14.722+03:00  INFO 8547 --- [Main-Platform] [main] o.a.kafka.common.utils.AppInfoParser     : Kafka commitId: 70d6ff42debf7e17
2025-05-26T16:48:14.722+03:00  INFO 8547 --- [Main-Platform] [main] o.a.kafka.common.utils.AppInfoParser     : Kafka startTimeMs: 1748267294721
2025-05-26T16:48:14.727+03:00  INFO 8547 --- [Main-Platform] [main] o.a.k.clients.producer.ProducerConfig    : ProducerConfig values: 
	acks = -1
	auto.include.jmx.reporter = true
	batch.size = 16384
	bootstrap.servers = [localhost:9092]
	buffer.memory = 33554432
	client.dns.lookup = use_all_dns_ips
	client.id = producer-1
	compression.gzip.level = -1
	compression.lz4.level = 9
	compression.type = none
	compression.zstd.level = 3
	connections.max.idle.ms = 540000
	delivery.timeout.ms = 120000
	enable.idempotence = true
	enable.metrics.push = true
	interceptor.classes = []
	key.serializer = class org.apache.kafka.common.serialization.StringSerializer
	linger.ms = 0
	max.block.ms = 60000
	max.in.flight.requests.per.connection = 5
	max.request.size = 1048576
	metadata.max.age.ms = 300000
	metadata.max.idle.ms = 300000
	metadata.recovery.strategy = none
	metric.reporters = []
	metrics.num.samples = 2
	metrics.recording.level = INFO
	metrics.sample.window.ms = 30000
	partitioner.adaptive.partitioning.enable = true
	partitioner.availability.timeout.ms = 0
	partitioner.class = null
	partitioner.ignore.keys = false
	receive.buffer.bytes = 32768
	reconnect.backoff.max.ms = 1000
	reconnect.backoff.ms = 50
	request.timeout.ms = 30000
	retries = 2147483647
	retry.backoff.max.ms = 1000
	retry.backoff.ms = 100
	sasl.client.callback.handler.class = null
	sasl.jaas.config = null
	sasl.kerberos.kinit.cmd = /usr/bin/kinit
	sasl.kerberos.min.time.before.relogin = 60000
	sasl.kerberos.service.name = null
	sasl.kerberos.ticket.renew.jitter = 0.05
	sasl.kerberos.ticket.renew.window.factor = 0.8
	sasl.login.callback.handler.class = null
	sasl.login.class = null
	sasl.login.connect.timeout.ms = null
	sasl.login.read.timeout.ms = null
	sasl.login.refresh.buffer.seconds = 300
	sasl.login.refresh.min.period.seconds = 60
	sasl.login.refresh.window.factor = 0.8
	sasl.login.refresh.window.jitter = 0.05
	sasl.login.retry.backoff.max.ms = 10000
	sasl.login.retry.backoff.ms = 100
	sasl.mechanism = GSSAPI
	sasl.oauthbearer.clock.skew.seconds = 30
	sasl.oauthbearer.expected.audience = null
	sasl.oauthbearer.expected.issuer = null
	sasl.oauthbearer.jwks.endpoint.refresh.ms = 3600000
	sasl.oauthbearer.jwks.endpoint.retry.backoff.max.ms = 10000
	sasl.oauthbearer.jwks.endpoint.retry.backoff.ms = 100
	sasl.oauthbearer.jwks.endpoint.url = null
	sasl.oauthbearer.scope.claim.name = scope
	sasl.oauthbearer.sub.claim.name = sub
	sasl.oauthbearer.token.endpoint.url = null
	security.protocol = PLAINTEXT
	security.providers = null
	send.buffer.bytes = 131072
	socket.connection.setup.timeout.max.ms = 30000
	socket.connection.setup.timeout.ms = 10000
	ssl.cipher.suites = null
	ssl.enabled.protocols = [TLSv1.2, TLSv1.3]
	ssl.endpoint.identification.algorithm = https
	ssl.engine.factory.class = null
	ssl.key.password = null
	ssl.keymanager.algorithm = SunX509
	ssl.keystore.certificate.chain = null
	ssl.keystore.key = null
	ssl.keystore.location = null
	ssl.keystore.password = null
	ssl.keystore.type = JKS
	ssl.protocol = TLSv1.3
	ssl.provider = null
	ssl.secure.random.implementation = null
	ssl.trustmanager.algorithm = PKIX
	ssl.truststore.certificates = null
	ssl.truststore.location = null
	ssl.truststore.password = null
	ssl.truststore.type = JKS
	transaction.timeout.ms = 60000
	transactional.id = null
	value.serializer = class org.apache.kafka.common.serialization.StringSerializer

2025-05-26T16:48:14.728+03:00  INFO 8547 --- [Main-Platform] [main] o.a.k.c.t.i.KafkaMetricsCollector        : initializing Kafka metrics collector
2025-05-26T16:48:14.734+03:00  INFO 8547 --- [Main-Platform] [main] o.a.k.clients.producer.KafkaProducer     : [Producer clientId=producer-1] Instantiated an idempotent producer.
2025-05-26T16:48:14.742+03:00  INFO 8547 --- [Main-Platform] [main] o.a.k.clients.producer.ProducerConfig    : These configurations '[auto.offset.reset]' were supplied but are not used yet.
2025-05-26T16:48:14.743+03:00  INFO 8547 --- [Main-Platform] [main] o.a.kafka.common.utils.AppInfoParser     : Kafka version: 3.8.1
2025-05-26T16:48:14.743+03:00  INFO 8547 --- [Main-Platform] [main] o.a.kafka.common.utils.AppInfoParser     : Kafka commitId: 70d6ff42debf7e17
2025-05-26T16:48:14.743+03:00  INFO 8547 --- [Main-Platform] [main] o.a.kafka.common.utils.AppInfoParser     : Kafka startTimeMs: 1748267294743
2025-05-26T16:48:14.743+03:00  INFO 8547 --- [Main-Platform] [main] CacheLogger                              : Rate cache initialized
2025-05-26T16:48:14.751+03:00  INFO 8547 --- [Main-Platform] [main] CacheLogger                              : Rate cache has been created
2025-05-26T16:48:14.752+03:00  INFO 8547 --- [Main-Platform] [main] CoordinatorLogger                        : Registering TCP subscriber: PF1
2025-05-26T16:48:14.753+03:00  INFO 8547 --- [Main-Platform] [main] SubscriberLogger-TCP                     : InitializingPF1Subscriber
2025-05-26T16:48:14.753+03:00  INFO 8547 --- [Main-Platform] [main] SubscriberLogger-TCP                     : PF1Subscriber initialized!
2025-05-26T16:48:14.753+03:00  INFO 8547 --- [Main-Platform] [main] CoordinatorLogger                        : Registering REST subscriber: PF2
2025-05-26T16:48:14.754+03:00  INFO 8547 --- [Main-Platform] [main] SubscriberLogger-REST                    : initialializing Subscriber null
2025-05-26T16:48:14.759+03:00  INFO 8547 --- [Main-Platform] [main] SubscriberLogger-REST                    : Subscriber initialializedPF2
2025-05-26T16:48:14.759+03:00  INFO 8547 --- [Main-Platform] [main] CoordinatorLogger                        : REST subscriber PF2 successfully loaded
2025-05-26T16:48:14.760+03:00 ERROR 8547 --- [Main-Platform] [main] SubscriberLogger-TCP                     : Failed to connect 127.0.0.1
2025-05-26T16:48:14.760+03:00  WARN 8547 --- [Main-Platform] [main] CoordinatorLogger                        : PF1 couldn't connect
2025-05-26T16:48:14.760+03:00  INFO 8547 --- [Main-Platform] [main] SubscriberLogger-REST                    : Connecting to http://localhost:8080/api/auth/login
2025-05-26T16:48:14.800+03:00  WARN 8547 --- [Main-Platform] [main] SubscriberLogger-REST                    : Failed to connect to http://localhost:8080/api/rates with username admin
2025-05-26T16:48:14.800+03:00  WARN 8547 --- [Main-Platform] [main] CoordinatorLogger                        : PF2 couldn't connect
2025-05-26T16:48:14.800+03:00  INFO 8547 --- [Main-Platform] [main] CoordinatorLogger                        : Coordinator initialized
2025-05-26T16:48:14.801+03:00  INFO 8547 --- [Main-Platform] [Thread-1] CoordinatorLogger                        : Coordinator is running
2025-05-26T16:48:14.930+03:00  INFO 8547 --- [Main-Platform] [kafka-producer-network-thread | producer-1] org.apache.kafka.clients.Metadata        : [Producer clientId=producer-1] Cluster ID: yLz6-GQETt6tTlVBfR5J5Q
2025-05-26T16:48:15.039+03:00  INFO 8547 --- [Main-Platform] [kafka-producer-network-thread | producer-1] o.a.k.c.p.internals.TransactionManager   : [Producer clientId=producer-1] ProducerId set to 0 with epoch 0
2025-05-26T16:48:53.836+03:00  INFO 8547 --- [Main-Platform] [SpringApplicationShutdownHook] o.s.b.w.e.tomcat.GracefulShutdown        : Commencing graceful shutdown. Waiting for active requests to complete
2025-05-26T16:48:53.838+03:00  INFO 8547 --- [Main-Platform] [tomcat-shutdown] o.s.b.w.e.tomcat.GracefulShutdown        : Graceful shutdown complete
2025-05-26T16:48:53.863+03:00  INFO 8547 --- [Main-Platform] [SpringApplicationShutdownHook] j.LocalContainerEntityManagerFactoryBean : Closing JPA EntityManagerFactory for persistence unit 'default'
2025-05-26T16:48:53.864+03:00  INFO 8547 --- [Main-Platform] [SpringApplicationShutdownHook] com.zaxxer.hikari.HikariDataSource       : HikariPool-1 - Shutdown initiated...
2025-05-26T16:48:53.866+03:00  INFO 8547 --- [Main-Platform] [SpringApplicationShutdownHook] com.zaxxer.hikari.HikariDataSource       : HikariPool-1 - Shutdown completed.
